{"C:\\Users\\MY PC\\OneDrive\\Desktop\\React JS\\Igniting_App\\src\\components\\Body.js": {"path":"C:\\Users\\MY PC\\OneDrive\\Desktop\\React JS\\Igniting_App\\src\\components\\Body.js","statementMap":{"0":{"start":{"line":11,"column":13},"end":{"line":125,"column":1}},"1":{"start":{"line":12,"column":40},"end":{"line":12,"column":52}},"2":{"start":{"line":13,"column":56},"end":{"line":13,"column":68}},"3":{"start":{"line":14,"column":38},"end":{"line":14,"column":50}},"4":{"start":{"line":16,"column":33},"end":{"line":16,"column":65}},"5":{"start":{"line":18,"column":18},"end":{"line":18,"column":29}},"6":{"start":{"line":20,"column":30},"end":{"line":25,"column":3}},"7":{"start":{"line":21,"column":25},"end":{"line":23,"column":5}},"8":{"start":{"line":22,"column":15},"end":{"line":22,"column":41}},"9":{"start":{"line":24,"column":4},"end":{"line":24,"column":41}},"10":{"start":{"line":27,"column":39},"end":{"line":29,"column":3}},"11":{"start":{"line":28,"column":4},"end":{"line":28,"column":40}},"12":{"start":{"line":31,"column":23},"end":{"line":34,"column":3}},"13":{"start":{"line":32,"column":23},"end":{"line":32,"column":58}},"14":{"start":{"line":33,"column":4},"end":{"line":33,"column":39}},"15":{"start":{"line":36,"column":2},"end":{"line":38,"column":9}},"16":{"start":{"line":37,"column":4},"end":{"line":37,"column":21}},"17":{"start":{"line":40,"column":25},"end":{"line":51,"column":3}},"18":{"start":{"line":41,"column":17},"end":{"line":41,"column":46}},"19":{"start":{"line":42,"column":21},"end":{"line":42,"column":38}},"20":{"start":{"line":43,"column":4},"end":{"line":46,"column":6}},"21":{"start":{"line":47,"column":4},"end":{"line":50,"column":6}},"22":{"start":{"line":54,"column":23},"end":{"line":54,"column":40}},"23":{"start":{"line":56,"column":2},"end":{"line":64,"column":3}},"24":{"start":{"line":57,"column":4},"end":{"line":63,"column":6}},"25":{"start":{"line":66,"column":2},"end":{"line":66,"column":32}},"26":{"start":{"line":66,"column":20},"end":{"line":66,"column":32}},"27":{"start":{"line":68,"column":2},"end":{"line":124,"column":4}},"28":{"start":{"line":82,"column":27},"end":{"line":82,"column":57}},"29":{"start":{"line":89,"column":14},"end":{"line":89,"column":36}},"30":{"start":{"line":105,"column":14},"end":{"line":115,"column":21}}},"fnMap":{"0":{"name":"(anonymous_0)","decl":{"start":{"line":11,"column":13},"end":{"line":11,"column":14}},"loc":{"start":{"line":11,"column":19},"end":{"line":125,"column":1}},"line":11},"1":{"name":"(anonymous_1)","decl":{"start":{"line":20,"column":30},"end":{"line":20,"column":31}},"loc":{"start":{"line":20,"column":36},"end":{"line":25,"column":3}},"line":20},"2":{"name":"(anonymous_2)","decl":{"start":{"line":22,"column":6},"end":{"line":22,"column":7}},"loc":{"start":{"line":22,"column":15},"end":{"line":22,"column":41}},"line":22},"3":{"name":"(anonymous_3)","decl":{"start":{"line":27,"column":39},"end":{"line":27,"column":40}},"loc":{"start":{"line":27,"column":45},"end":{"line":29,"column":3}},"line":27},"4":{"name":"(anonymous_4)","decl":{"start":{"line":31,"column":23},"end":{"line":31,"column":24}},"loc":{"start":{"line":31,"column":29},"end":{"line":34,"column":3}},"line":31},"5":{"name":"(anonymous_5)","decl":{"start":{"line":36,"column":12},"end":{"line":36,"column":13}},"loc":{"start":{"line":36,"column":18},"end":{"line":38,"column":3}},"line":36},"6":{"name":"(anonymous_6)","decl":{"start":{"line":40,"column":25},"end":{"line":40,"column":26}},"loc":{"start":{"line":40,"column":37},"end":{"line":51,"column":3}},"line":40},"7":{"name":"(anonymous_7)","decl":{"start":{"line":82,"column":21},"end":{"line":82,"column":22}},"loc":{"start":{"line":82,"column":27},"end":{"line":82,"column":57}},"line":82},"8":{"name":"(anonymous_8)","decl":{"start":{"line":88,"column":21},"end":{"line":88,"column":22}},"loc":{"start":{"line":88,"column":27},"end":{"line":90,"column":13}},"line":88},"9":{"name":"(anonymous_9)","decl":{"start":{"line":104,"column":37},"end":{"line":104,"column":38}},"loc":{"start":{"line":105,"column":14},"end":{"line":115,"column":21}},"line":105}},"branchMap":{"0":{"loc":{"start":{"line":56,"column":2},"end":{"line":64,"column":3}},"type":"if","locations":[{"start":{"line":56,"column":2},"end":{"line":64,"column":3}},{"start":{},"end":{}}],"line":56},"1":{"loc":{"start":{"line":66,"column":2},"end":{"line":66,"column":32}},"type":"if","locations":[{"start":{"line":66,"column":2},"end":{"line":66,"column":32}},{"start":{},"end":{}}],"line":66},"2":{"loc":{"start":{"line":97,"column":7},"end":{"line":119,"column":7}},"type":"cond-expr","locations":[{"start":{"line":98,"column":8},"end":{"line":100,"column":14}},{"start":{"line":102,"column":8},"end":{"line":118,"column":9}}],"line":97},"3":{"loc":{"start":{"line":102,"column":8},"end":{"line":118,"column":9}},"type":"binary-expr","locations":[{"start":{"line":102,"column":8},"end":{"line":102,"column":38}},{"start":{"line":103,"column":10},"end":{"line":117,"column":16}}],"line":102},"4":{"loc":{"start":{"line":110,"column":17},"end":{"line":114,"column":17}},"type":"cond-expr","locations":[{"start":{"line":111,"column":18},"end":{"line":111,"column":72}},{"start":{"line":113,"column":18},"end":{"line":113,"column":63}}],"line":110},"5":{"loc":{"start":{"line":120,"column":7},"end":{"line":122,"column":7}},"type":"binary-expr","locations":[{"start":{"line":120,"column":7},"end":{"line":120,"column":39}},{"start":{"line":120,"column":43},"end":{"line":120,"column":60}},{"start":{"line":121,"column":8},"end":{"line":121,"column":24}}],"line":120}},"s":{"0":1,"1":4,"2":4,"3":4,"4":4,"5":4,"6":4,"7":0,"8":0,"9":0,"10":4,"11":0,"12":4,"13":1,"14":1,"15":4,"16":1,"17":4,"18":1,"19":1,"20":1,"21":1,"22":4,"23":4,"24":0,"25":4,"26":0,"27":4,"28":0,"29":0,"30":44},"f":{"0":4,"1":0,"2":0,"3":0,"4":1,"5":1,"6":1,"7":0,"8":0,"9":44},"b":{"0":[0,4],"1":[0,4],"2":[1,3],"3":[3,3],"4":[0,44],"5":[4,1,0]},"_coverageSchema":"1a1c01bbd47fc00a2c39e90264f33305004495a9","hash":"6f57de9b7a99de00e13793d8a4ff68421777fa4c"}
,"C:\\Users\\MY PC\\OneDrive\\Desktop\\React JS\\Igniting_App\\src\\components\\ContactUs.js": {"path":"C:\\Users\\MY PC\\OneDrive\\Desktop\\React JS\\Igniting_App\\src\\components\\ContactUs.js","statementMap":{"0":{"start":{"line":3,"column":18},"end":{"line":15,"column":1}},"1":{"start":{"line":4,"column":2},"end":{"line":14,"column":4}}},"fnMap":{"0":{"name":"(anonymous_0)","decl":{"start":{"line":3,"column":18},"end":{"line":3,"column":19}},"loc":{"start":{"line":3,"column":24},"end":{"line":15,"column":1}},"line":3}},"branchMap":{},"s":{"0":1,"1":3},"f":{"0":3},"b":{},"_coverageSchema":"1a1c01bbd47fc00a2c39e90264f33305004495a9","hash":"abb6179feffab6b4838cee833220355d528dfbbf"}
,"C:\\Users\\MY PC\\OneDrive\\Desktop\\React JS\\Igniting_App\\src\\components\\Header.js": {"path":"C:\\Users\\MY PC\\OneDrive\\Desktop\\React JS\\Igniting_App\\src\\components\\Header.js","statementMap":{"0":{"start":{"line":18,"column":15},"end":{"line":84,"column":1}},"1":{"start":{"line":19,"column":38},"end":{"line":19,"column":53}},"2":{"start":{"line":21,"column":21},"end":{"line":21,"column":44}},"3":{"start":{"line":23,"column":20},"end":{"line":23,"column":60}},"4":{"start":{"line":23,"column":43},"end":{"line":23,"column":59}},"5":{"start":{"line":26,"column":23},"end":{"line":26,"column":40}},"6":{"start":{"line":28,"column":2},"end":{"line":83,"column":4}},"7":{"start":{"line":61,"column":37},"end":{"line":61,"column":57}},"8":{"start":{"line":68,"column":37},"end":{"line":68,"column":56}}},"fnMap":{"0":{"name":"(anonymous_0)","decl":{"start":{"line":18,"column":15},"end":{"line":18,"column":16}},"loc":{"start":{"line":18,"column":21},"end":{"line":84,"column":1}},"line":18},"1":{"name":"(anonymous_1)","decl":{"start":{"line":23,"column":32},"end":{"line":23,"column":33}},"loc":{"start":{"line":23,"column":43},"end":{"line":23,"column":59}},"line":23},"2":{"name":"(anonymous_2)","decl":{"start":{"line":61,"column":31},"end":{"line":61,"column":32}},"loc":{"start":{"line":61,"column":37},"end":{"line":61,"column":57}},"line":61},"3":{"name":"(anonymous_3)","decl":{"start":{"line":68,"column":31},"end":{"line":68,"column":32}},"loc":{"start":{"line":68,"column":37},"end":{"line":68,"column":56}},"line":68}},"branchMap":{"0":{"loc":{"start":{"line":55,"column":14},"end":{"line":55,"column":63}},"type":"cond-expr","locations":[{"start":{"line":55,"column":30},"end":{"line":55,"column":44}},{"start":{"line":55,"column":47},"end":{"line":55,"column":63}}],"line":55},"1":{"loc":{"start":{"line":60,"column":13},"end":{"line":69,"column":13}},"type":"cond-expr","locations":[{"start":{"line":61,"column":14},"end":{"line":66,"column":23}},{"start":{"line":68,"column":14},"end":{"line":68,"column":74}}],"line":60}},"s":{"0":1,"1":3,"2":3,"3":3,"4":5,"5":3,"6":3,"7":0,"8":1},"f":{"0":3,"1":5,"2":0,"3":1},"b":{"0":[0,3],"1":[1,2]},"_coverageSchema":"1a1c01bbd47fc00a2c39e90264f33305004495a9","hash":"659e40ea2d45a0018aafbc0e2f699b0745585e4d"}
,"C:\\Users\\MY PC\\OneDrive\\Desktop\\React JS\\Igniting_App\\src\\components\\ResturantCard.js": {"path":"C:\\Users\\MY PC\\OneDrive\\Desktop\\React JS\\Igniting_App\\src\\components\\ResturantCard.js","statementMap":{"0":{"start":{"line":5,"column":24},"end":{"line":45,"column":3}},"1":{"start":{"line":16,"column":8},"end":{"line":16,"column":15}},"2":{"start":{"line":17,"column":4},"end":{"line":44,"column":6}},"3":{"start":{"line":51,"column":35},"end":{"line":62,"column":3}},"4":{"start":{"line":53,"column":4},"end":{"line":60,"column":5}},"5":{"start":{"line":54,"column":6},"end":{"line":59,"column":7}}},"fnMap":{"0":{"name":"(anonymous_0)","decl":{"start":{"line":5,"column":24},"end":{"line":5,"column":25}},"loc":{"start":{"line":5,"column":39},"end":{"line":45,"column":3}},"line":5},"1":{"name":"(anonymous_1)","decl":{"start":{"line":51,"column":35},"end":{"line":51,"column":36}},"loc":{"start":{"line":51,"column":54},"end":{"line":62,"column":3}},"line":51},"2":{"name":"(anonymous_2)","decl":{"start":{"line":53,"column":11},"end":{"line":53,"column":12}},"loc":{"start":{"line":53,"column":22},"end":{"line":60,"column":5}},"line":53}},"branchMap":{},"s":{"0":2,"1":45,"2":45,"3":2,"4":4,"5":0},"f":{"0":45,"1":4,"2":0},"b":{},"_coverageSchema":"1a1c01bbd47fc00a2c39e90264f33305004495a9","hash":"51f689db576897981e4a2971d41d60153192ec76"}
,"C:\\Users\\MY PC\\OneDrive\\Desktop\\React JS\\Igniting_App\\src\\components\\SearchBar.js": {"path":"C:\\Users\\MY PC\\OneDrive\\Desktop\\React JS\\Igniting_App\\src\\components\\SearchBar.js","statementMap":{"0":{"start":{"line":5,"column":18},"end":{"line":25,"column":1}},"1":{"start":{"line":7,"column":2},"end":{"line":24,"column":4}},"2":{"start":{"line":16,"column":10},"end":{"line":16,"column":46}}},"fnMap":{"0":{"name":"(anonymous_0)","decl":{"start":{"line":5,"column":18},"end":{"line":5,"column":19}},"loc":{"start":{"line":5,"column":77},"end":{"line":25,"column":1}},"line":5},"1":{"name":"(anonymous_1)","decl":{"start":{"line":15,"column":18},"end":{"line":15,"column":19}},"loc":{"start":{"line":15,"column":25},"end":{"line":17,"column":9}},"line":15}},"branchMap":{},"s":{"0":1,"1":4,"2":1},"f":{"0":4,"1":1},"b":{},"_coverageSchema":"1a1c01bbd47fc00a2c39e90264f33305004495a9","hash":"37e2070812cdf8867edf693e7f42dae96e9a1e4a"}
,"C:\\Users\\MY PC\\OneDrive\\Desktop\\React JS\\Igniting_App\\src\\components\\sum.js": {"path":"C:\\Users\\MY PC\\OneDrive\\Desktop\\React JS\\Igniting_App\\src\\components\\sum.js","statementMap":{"0":{"start":{"line":1,"column":19},"end":{"line":3,"column":1}},"1":{"start":{"line":2,"column":4},"end":{"line":2,"column":14}}},"fnMap":{"0":{"name":"(anonymous_0)","decl":{"start":{"line":1,"column":19},"end":{"line":1,"column":20}},"loc":{"start":{"line":1,"column":29},"end":{"line":3,"column":1}},"line":1}},"branchMap":{},"s":{"0":1,"1":1},"f":{"0":1},"b":{},"_coverageSchema":"1a1c01bbd47fc00a2c39e90264f33305004495a9","hash":"67d384e0a6b421907d68708fd5da9b435ac805b9"}
,"C:\\Users\\MY PC\\OneDrive\\Desktop\\React JS\\Igniting_App\\src\\redux\\cartSlice.js": {"path":"C:\\Users\\MY PC\\OneDrive\\Desktop\\React JS\\Igniting_App\\src\\redux\\cartSlice.js","statementMap":{"0":{"start":{"line":3,"column":18},"end":{"line":44,"column":2}},"1":{"start":{"line":11,"column":22},"end":{"line":11,"column":36}},"2":{"start":{"line":12,"column":32},"end":{"line":14,"column":7}},"3":{"start":{"line":13,"column":18},"end":{"line":13,"column":60}},"4":{"start":{"line":16,"column":6},"end":{"line":20,"column":7}},"5":{"start":{"line":17,"column":8},"end":{"line":17,"column":50}},"6":{"start":{"line":19,"column":8},"end":{"line":19,"column":49}},"7":{"start":{"line":23,"column":23},"end":{"line":23,"column":37}},"8":{"start":{"line":24,"column":8},"end":{"line":24,"column":81}},"9":{"start":{"line":24,"column":51},"end":{"line":24,"column":79}},"10":{"start":{"line":27,"column":21},"end":{"line":27,"column":35}},"11":{"start":{"line":28,"column":32},"end":{"line":30,"column":7}},"12":{"start":{"line":29,"column":18},"end":{"line":29,"column":46}},"13":{"start":{"line":32,"column":6},"end":{"line":38,"column":7}},"14":{"start":{"line":33,"column":8},"end":{"line":37,"column":9}},"15":{"start":{"line":34,"column":10},"end":{"line":34,"column":52}},"16":{"start":{"line":36,"column":10},"end":{"line":36,"column":51}},"17":{"start":{"line":41,"column":6},"end":{"line":41,"column":23}},"18":{"start":{"line":46,"column":68},"end":{"line":46,"column":85}}},"fnMap":{"0":{"name":"(anonymous_0)","decl":{"start":{"line":9,"column":13},"end":{"line":9,"column":14}},"loc":{"start":{"line":9,"column":32},"end":{"line":21,"column":5}},"line":9},"1":{"name":"(anonymous_1)","decl":{"start":{"line":13,"column":8},"end":{"line":13,"column":9}},"loc":{"start":{"line":13,"column":18},"end":{"line":13,"column":60}},"line":13},"2":{"name":"(anonymous_2)","decl":{"start":{"line":22,"column":16},"end":{"line":22,"column":17}},"loc":{"start":{"line":22,"column":35},"end":{"line":25,"column":5}},"line":22},"3":{"name":"(anonymous_3)","decl":{"start":{"line":24,"column":41},"end":{"line":24,"column":42}},"loc":{"start":{"line":24,"column":51},"end":{"line":24,"column":79}},"line":24},"4":{"name":"(anonymous_4)","decl":{"start":{"line":26,"column":24},"end":{"line":26,"column":25}},"loc":{"start":{"line":26,"column":43},"end":{"line":39,"column":5}},"line":26},"5":{"name":"(anonymous_5)","decl":{"start":{"line":29,"column":8},"end":{"line":29,"column":9}},"loc":{"start":{"line":29,"column":18},"end":{"line":29,"column":46}},"line":29},"6":{"name":"(anonymous_6)","decl":{"start":{"line":40,"column":15},"end":{"line":40,"column":16}},"loc":{"start":{"line":40,"column":26},"end":{"line":42,"column":5}},"line":40}},"branchMap":{"0":{"loc":{"start":{"line":16,"column":6},"end":{"line":20,"column":7}},"type":"if","locations":[{"start":{"line":16,"column":6},"end":{"line":20,"column":7}},{"start":{"line":18,"column":13},"end":{"line":20,"column":7}}],"line":16},"1":{"loc":{"start":{"line":32,"column":6},"end":{"line":38,"column":7}},"type":"if","locations":[{"start":{"line":32,"column":6},"end":{"line":38,"column":7}},{"start":{},"end":{}}],"line":32},"2":{"loc":{"start":{"line":33,"column":8},"end":{"line":37,"column":9}},"type":"if","locations":[{"start":{"line":33,"column":8},"end":{"line":37,"column":9}},{"start":{"line":35,"column":15},"end":{"line":37,"column":9}}],"line":33}},"s":{"0":1,"1":0,"2":0,"3":0,"4":0,"5":0,"6":0,"7":0,"8":0,"9":0,"10":0,"11":0,"12":0,"13":0,"14":0,"15":0,"16":0,"17":0,"18":1},"f":{"0":0,"1":0,"2":0,"3":0,"4":0,"5":0,"6":0},"b":{"0":[0,0],"1":[0,0],"2":[0,0]},"_coverageSchema":"1a1c01bbd47fc00a2c39e90264f33305004495a9","hash":"84b6c7b7187ed36a3bb69c816001555a0ba0f192"}
,"C:\\Users\\MY PC\\OneDrive\\Desktop\\React JS\\Igniting_App\\src\\redux\\store.js": {"path":"C:\\Users\\MY PC\\OneDrive\\Desktop\\React JS\\Igniting_App\\src\\redux\\store.js","statementMap":{"0":{"start":{"line":4,"column":14},"end":{"line":8,"column":2}}},"fnMap":{},"branchMap":{},"s":{"0":1},"f":{},"b":{},"_coverageSchema":"1a1c01bbd47fc00a2c39e90264f33305004495a9","hash":"dcfcde58088bf2f1df8575aec692d0afff163bec"}
}
