TN:
SF:src\components\Body.js
FN:11,(anonymous_0)
FN:20,(anonymous_1)
FN:22,(anonymous_2)
FN:27,(anonymous_3)
FN:31,(anonymous_4)
FN:36,(anonymous_5)
FN:40,(anonymous_6)
FN:82,(anonymous_7)
FN:88,(anonymous_8)
FN:104,(anonymous_9)
FNF:10
FNH:5
FNDA:4,(anonymous_0)
FNDA:0,(anonymous_1)
FNDA:0,(anonymous_2)
FNDA:0,(anonymous_3)
FNDA:1,(anonymous_4)
FNDA:1,(anonymous_5)
FNDA:1,(anonymous_6)
FNDA:0,(anonymous_7)
FNDA:0,(anonymous_8)
FNDA:44,(anonymous_9)
DA:11,1
DA:12,4
DA:13,4
DA:14,4
DA:16,4
DA:18,4
DA:20,4
DA:21,0
DA:22,0
DA:24,0
DA:27,4
DA:28,0
DA:31,4
DA:32,1
DA:33,1
DA:36,4
DA:37,1
DA:40,4
DA:41,1
DA:42,1
DA:43,1
DA:47,1
DA:54,4
DA:56,4
DA:57,0
DA:66,4
DA:68,4
DA:82,0
DA:89,0
DA:105,44
LF:30
LH:23
BRDA:56,0,0,0
BRDA:56,0,1,4
BRDA:66,1,0,0
BRDA:66,1,1,4
BRDA:97,2,0,1
BRDA:97,2,1,3
BRDA:102,3,0,3
BRDA:102,3,1,3
BRDA:110,4,0,0
BRDA:110,4,1,44
BRDA:120,5,0,4
BRDA:120,5,1,1
BRDA:120,5,2,0
BRF:13
BRH:9
end_of_record
TN:
SF:src\components\ContactUs.js
FN:3,(anonymous_0)
FNF:1
FNH:1
FNDA:3,(anonymous_0)
DA:3,1
DA:4,3
LF:2
LH:2
BRF:0
BRH:0
end_of_record
TN:
SF:src\components\Header.js
FN:18,(anonymous_0)
FN:23,(anonymous_1)
FN:61,(anonymous_2)
FN:68,(anonymous_3)
FNF:4
FNH:3
FNDA:3,(anonymous_0)
FNDA:5,(anonymous_1)
FNDA:0,(anonymous_2)
FNDA:1,(anonymous_3)
DA:18,1
DA:19,3
DA:21,3
DA:23,5
DA:26,3
DA:28,3
DA:61,0
DA:68,1
LF:8
LH:7
BRDA:55,0,0,0
BRDA:55,0,1,3
BRDA:60,1,0,1
BRDA:60,1,1,2
BRF:4
BRH:3
end_of_record
TN:
SF:src\components\ResturantCard.js
FN:5,(anonymous_0)
FN:51,(anonymous_1)
FN:53,(anonymous_2)
FNF:3
FNH:2
FNDA:45,(anonymous_0)
FNDA:4,(anonymous_1)
FNDA:0,(anonymous_2)
DA:5,2
DA:16,45
DA:17,45
DA:51,2
DA:53,4
DA:54,0
LF:6
LH:5
BRF:0
BRH:0
end_of_record
TN:
SF:src\components\SearchBar.js
FN:5,(anonymous_0)
FN:15,(anonymous_1)
FNF:2
FNH:2
FNDA:4,(anonymous_0)
FNDA:1,(anonymous_1)
DA:5,1
DA:7,4
DA:16,1
LF:3
LH:3
BRF:0
BRH:0
end_of_record
TN:
SF:src\components\sum.js
FN:1,(anonymous_0)
FNF:1
FNH:1
FNDA:1,(anonymous_0)
DA:1,1
DA:2,1
LF:2
LH:2
BRF:0
BRH:0
end_of_record
TN:
SF:src\redux\cartSlice.js
FN:9,(anonymous_0)
FN:13,(anonymous_1)
FN:22,(anonymous_2)
FN:24,(anonymous_3)
FN:26,(anonymous_4)
FN:29,(anonymous_5)
FN:40,(anonymous_6)
FNF:7
FNH:0
FNDA:0,(anonymous_0)
FNDA:0,(anonymous_1)
FNDA:0,(anonymous_2)
FNDA:0,(anonymous_3)
FNDA:0,(anonymous_4)
FNDA:0,(anonymous_5)
FNDA:0,(anonymous_6)
DA:3,1
DA:11,0
DA:12,0
DA:13,0
DA:16,0
DA:17,0
DA:19,0
DA:23,0
DA:24,0
DA:27,0
DA:28,0
DA:29,0
DA:32,0
DA:33,0
DA:34,0
DA:36,0
DA:41,0
DA:46,1
LF:18
LH:2
BRDA:16,0,0,0
BRDA:16,0,1,0
BRDA:32,1,0,0
BRDA:32,1,1,0
BRDA:33,2,0,0
BRDA:33,2,1,0
BRF:6
BRH:0
end_of_record
TN:
SF:src\redux\store.js
FNF:0
FNH:0
DA:4,1
LF:1
LH:1
BRF:0
BRH:0
end_of_record
